c:\users\18640\desktop\sqengineerror - 副本\framework\graphics\x64\debug\graphics.pch
c:\users\18640\desktop\sqengineerror - 副本\x64\debug\graphics.pdb
c:\users\18640\desktop\sqengineerror - 副本\x64\debug\graphics.idb
c:\users\18640\desktop\sqengineerror - 副本\framework\graphics\x64\debug\precompiled.obj
c:\users\18640\desktop\sqengineerror - 副本\framework\graphics\x64\debug\texture.obj
c:\users\18640\desktop\sqengineerror - 副本\framework\graphics\x64\debug\standardeffect.obj
c:\users\18640\desktop\sqengineerror - 副本\framework\graphics\x64\debug\simpledraw.obj
c:\users\18640\desktop\sqengineerror - 副本\framework\graphics\x64\debug\shadoweffect.obj
c:\users\18640\desktop\sqengineerror - 副本\framework\graphics\x64\debug\sampler.obj
c:\users\18640\desktop\sqengineerror - 副本\framework\graphics\x64\debug\rendertarget.obj
c:\users\18640\desktop\sqengineerror - 副本\framework\graphics\x64\debug\postprocessingeffect.obj
c:\users\18640\desktop\sqengineerror - 副本\framework\graphics\x64\debug\pixelshader.obj
c:\users\18640\desktop\sqengineerror - 副本\framework\graphics\x64\debug\modelio.obj
c:\users\18640\desktop\sqengineerror - 副本\framework\graphics\x64\debug\meshbuilder.obj
c:\users\18640\desktop\sqengineerror - 副本\framework\graphics\x64\debug\meshbuffer.obj
c:\users\18640\desktop\sqengineerror - 副本\framework\graphics\x64\debug\graphicssystem.obj
c:\users\18640\desktop\sqengineerror - 副本\framework\graphics\x64\debug\gaussianblureffect.obj
c:\users\18640\desktop\sqengineerror - 副本\framework\graphics\x64\debug\debugui.obj
c:\users\18640\desktop\sqengineerror - 副本\framework\graphics\x64\debug\constantbuffer.obj
c:\users\18640\desktop\sqengineerror - 副本\framework\graphics\x64\debug\camera.obj
c:\users\18640\desktop\sqengineerror - 副本\framework\graphics\x64\debug\blendstate.obj
c:\users\18640\desktop\sqengineerror - 副本\framework\graphics\x64\debug\animationutil.obj
c:\users\18640\desktop\sqengineerror - 副本\framework\graphics\x64\debug\animationbuilder.obj
c:\users\18640\desktop\sqengineerror - 副本\framework\graphics\x64\debug\animation.obj
c:\users\18640\desktop\sqengineerror - 副本\framework\graphics\x64\debug\vertexshader.obj
c:\users\18640\desktop\sqengineerror - 副本\framework\graphics\x64\debug\texturemanager.obj
c:\users\18640\desktop\sqengineerror - 副本\x64\debug\graphics.lib
c:\users\18640\desktop\sqengineerror - 副本\framework\graphics\x64\debug\graphics.tlog\cl.command.1.tlog
c:\users\18640\desktop\sqengineerror - 副本\framework\graphics\x64\debug\graphics.tlog\cl.read.1.tlog
c:\users\18640\desktop\sqengineerror - 副本\framework\graphics\x64\debug\graphics.tlog\cl.write.1.tlog
c:\users\18640\desktop\sqengineerror - 副本\framework\graphics\x64\debug\graphics.tlog\lib-link.read.1.tlog
c:\users\18640\desktop\sqengineerror - 副本\framework\graphics\x64\debug\graphics.tlog\lib-link.write.1.tlog
c:\users\18640\desktop\sqengineerror - 副本\framework\graphics\x64\debug\graphics.tlog\lib.command.1.tlog
